<?xml version="1.0" encoding="UTF-8"?>
<testsuites name="jest tests" tests="6" failures="0" errors="0" time="2.084">
  <testsuite name="Pet API Tests" errors="0" failures="0" skipped="0" timestamp="2024-01-16T04:35:44" time="2.04" tests="6">
    <testcase classname="Pet API Tests should create a new pet" name="Pet API Tests should create a new pet" time="1.091">
    </testcase>
    <testcase classname="Pet API Tests should get all pets" name="Pet API Tests should get all pets" time="0.107">
    </testcase>
    <testcase classname="Pet API Tests should get a pet by id" name="Pet API Tests should get a pet by id" time="0.059">
    </testcase>
    <testcase classname="Pet API Tests should update a pet" name="Pet API Tests should update a pet" time="0.064">
    </testcase>
    <testcase classname="Pet API Tests should delete a pet" name="Pet API Tests should delete a pet" time="0.087">
    </testcase>
    <testcase classname="Pet API Tests should handle not found for getting a deleted pet" name="Pet API Tests should handle not found for getting a deleted pet" time="0.058">
    </testcase>
  </testsuite>
</testsuites>